2023-04-22 19:19:00,966 	 [INFO | Logger.py:61] > I Logger am a singleton
2023-04-22 19:19:00,967 	 [DEBUG | Logger.py:61] > I Logger bug alert
2023-04-22 19:19:00,967 	 [ERROR | Logger.py:61] > I Logger error alert
2023-04-22 19:19:00,967 	 [CRITICAL | Logger.py:61] > I Logger critical error alert
2023-04-22 19:19:00,967 	 [INFO | Logger.py:61] > I Logger am still a singleton
2023-04-22 19:19:00,968 	 [DEBUG | Logger.py:61] > I Logger bug alert
2023-04-22 19:19:00,968 	 [ERROR | Logger.py:61] > I Logger error alert
2023-04-22 19:19:00,968 	 [CRITICAL | Logger.py:61] > I Logger critical error alert
2023-04-22 19:19:00,969 	 [DEBUG | Logger.py:61] > 
2023-04-22 19:19:00,969 	 [DEBUG | Logger.py:61] > Argument level must be <class 'int'>
2023-04-22 19:19:00,970 	 [DEBUG | Logger.py:61] > 
2023-04-22 19:43:39,272 	 [DEBUG | Logger.py:61] > 
2023-04-22 19:45:07,055 	 [DEBUG | Logger.py:61] > 
2023-04-22 20:11:40,860 	 [INFO | Logger.py:61] > I Logger am a singleton
2023-04-22 20:11:40,860 	 [DEBUG | Logger.py:61] > I Logger bug alert
2023-04-22 20:11:40,860 	 [ERROR | Logger.py:61] > I Logger error alert
2023-04-22 20:11:40,861 	 [CRITICAL | Logger.py:61] > I Logger critical error alert
2023-04-22 20:11:40,861 	 [INFO | Logger.py:61] > I Logger am still a singleton
2023-04-22 20:11:40,861 	 [DEBUG | Logger.py:61] > I Logger bug alert
2023-04-22 20:11:40,862 	 [ERROR | Logger.py:61] > I Logger error alert
2023-04-22 20:11:40,862 	 [CRITICAL | Logger.py:61] > I Logger critical error alert
2023-04-22 20:11:40,862 	 [DEBUG | Logger.py:61] > 
2023-04-22 20:11:40,862 	 [DEBUG | Logger.py:61] > Argument level must be <class 'int'>
2023-04-22 20:11:40,863 	 [DEBUG | Logger.py:61] > 
2023-04-22 20:16:13,509 	 [INFO | Logger.py:61] > I Logger am a singleton
2023-04-22 20:16:13,509 	 [DEBUG | Logger.py:61] > I Logger bug alert
2023-04-22 20:16:13,510 	 [ERROR | Logger.py:61] > I Logger error alert
2023-04-22 20:16:13,510 	 [CRITICAL | Logger.py:61] > I Logger critical error alert
2023-04-22 20:16:13,510 	 [INFO | Logger.py:61] > I Logger am still a singleton
2023-04-22 20:16:13,511 	 [DEBUG | Logger.py:61] > I Logger bug alert
2023-04-22 20:16:13,511 	 [ERROR | Logger.py:61] > I Logger error alert
2023-04-22 20:16:13,511 	 [CRITICAL | Logger.py:61] > I Logger critical error alert
2023-04-22 20:16:13,511 	 [DEBUG | Logger.py:61] > 
2023-04-22 20:16:13,512 	 [DEBUG | Logger.py:61] > Argument level must be <class 'int'>
2023-04-22 20:16:13,512 	 [DEBUG | Logger.py:61] > 
2023-04-22 20:16:31,742 	 [INFO | Logger.py:61] > I Logger am a singleton
2023-04-22 20:16:31,743 	 [DEBUG | Logger.py:61] > I Logger bug alert
2023-04-22 20:16:31,743 	 [ERROR | Logger.py:61] > I Logger error alert
2023-04-22 20:16:31,743 	 [CRITICAL | Logger.py:61] > I Logger critical error alert
2023-04-22 20:16:31,743 	 [INFO | Logger.py:61] > I Logger am still a singleton
2023-04-22 20:16:31,744 	 [DEBUG | Logger.py:61] > I Logger bug alert
2023-04-22 20:16:31,744 	 [ERROR | Logger.py:61] > I Logger error alert
2023-04-22 20:16:31,744 	 [CRITICAL | Logger.py:61] > I Logger critical error alert
2023-04-22 20:16:31,745 	 [DEBUG | Logger.py:61] > 
2023-04-22 20:16:31,745 	 [DEBUG | Logger.py:61] > Argument level must be <class 'int'>
2023-04-22 20:16:31,745 	 [DEBUG | Logger.py:61] > 
2023-04-22 20:17:18,850 	 [INFO | Logger.py:61] > I Logger am a singleton
2023-04-22 20:17:18,850 	 [DEBUG | Logger.py:61] > I Logger bug alert
2023-04-22 20:17:18,851 	 [ERROR | Logger.py:61] > I Logger error alert
2023-04-22 20:17:18,851 	 [CRITICAL | Logger.py:61] > I Logger critical error alert
2023-04-22 20:17:18,851 	 [INFO | Logger.py:61] > I Logger am still a singleton
2023-04-22 20:17:18,852 	 [DEBUG | Logger.py:61] > I Logger bug alert
2023-04-22 20:17:18,852 	 [ERROR | Logger.py:61] > I Logger error alert
2023-04-22 20:17:18,852 	 [CRITICAL | Logger.py:61] > I Logger critical error alert
2023-04-22 20:17:18,853 	 [DEBUG | Logger.py:61] > 
2023-04-22 20:17:18,853 	 [DEBUG | Logger.py:61] > Argument level must be <class 'int'>
2023-04-22 20:17:18,853 	 [DEBUG | Logger.py:61] > 
2023-04-22 20:25:52,446 	 [INFO | Logger.py:61] > I Logger am a singleton
2023-04-22 20:25:52,446 	 [DEBUG | Logger.py:61] > I Logger bug alert
2023-04-22 20:25:52,446 	 [ERROR | Logger.py:61] > I Logger error alert
2023-04-22 20:25:52,447 	 [CRITICAL | Logger.py:61] > I Logger critical error alert
2023-04-22 20:25:52,447 	 [INFO | Logger.py:61] > I Logger am still a singleton
2023-04-22 20:25:52,447 	 [DEBUG | Logger.py:61] > I Logger bug alert
2023-04-22 20:25:52,448 	 [ERROR | Logger.py:61] > I Logger error alert
2023-04-22 20:25:52,448 	 [CRITICAL | Logger.py:61] > I Logger critical error alert
2023-04-22 20:25:52,448 	 [DEBUG | Logger.py:61] > 
2023-04-22 20:25:52,448 	 [DEBUG | Logger.py:61] > Argument level must be <class 'int'>
2023-04-22 20:25:52,449 	 [DEBUG | Logger.py:61] > 
2023-04-22 21:05:27,776 	 [INFO | Logger.py:61] > I Logger bug alert
2023-04-22 21:07:43,876 	 [INFO | Logger.py:61] > I Logger bug alert
2023-04-22 21:08:16,380 	 [INFO | Logger.py:61] > I Logger bug alert
2023-04-22 21:09:13,877 	 [INFO | Logger.py:61] > I Logger bug alert
2023-04-22 21:11:22,264 	 [INFO | Logger.py:61] > I Logger bug alert
2023-04-22 21:12:49,981 	 [DEBUG | Logger.py:61] > I Logger bug alert
2023-04-22 21:52:50,495 	 [DEBUG | Logger.py:61] > I Logger bug alert
2023-04-22 21:53:33,174 	 [DEBUG | Logger.py:61] > I Logger bug alert
2023-04-22 21:54:58,348 	 [DEBUG | Logger.py:61] > I Logger bug alert
2023-04-22 21:58:15,949 	 [DEBUG | Logger.py:61] > I Logger bug alert
2023-04-22 22:01:03,690 	 [DEBUG | Logger.py:61] > I Logger bug alert
2023-04-22 22:02:24,690 	 [DEBUG | Logger.py:61] > I Logger bug alert
2023-04-22 22:03:44,208 	 [DEBUG | Logger.py:61] > I Logger bug alert
2023-04-22 22:04:57,388 	 [DEBUG | Logger.py:61] > I Logger bug alert
2023-04-22 22:05:34,213 	 [DEBUG | Logger.py:61] > I Logger bug alert
2023-04-22 22:11:01,086 	 [DEBUG | Logger.py:61] > I Logger bug alert
2023-04-22 22:11:55,943 	 [DEBUG | Logger.py:61] > I Logger bug alert
2023-04-22 22:12:37,114 	 [DEBUG | Logger.py:61] > I Logger bug alert
2023-04-22 22:13:04,035 	 [DEBUG | Logger.py:61] > I Logger bug alert
2023-04-22 22:17:20,786 	 [INFO | Logger.py:61] > I Logger am a singleton
2023-04-22 22:17:20,786 	 [DEBUG | Logger.py:61] > I Logger bug alert
2023-04-22 22:17:20,787 	 [ERROR | Logger.py:61] > I Logger error alert
2023-04-22 22:17:20,787 	 [CRITICAL | Logger.py:61] > I Logger critical error alert
2023-04-22 22:17:20,787 	 [INFO | Logger.py:61] > I Logger am still a singleton
2023-04-22 22:17:20,788 	 [DEBUG | Logger.py:61] > I Logger bug alert
2023-04-22 22:17:20,788 	 [ERROR | Logger.py:61] > I Logger error alert
2023-04-22 22:17:20,788 	 [CRITICAL | Logger.py:61] > I Logger critical error alert
2023-04-22 22:17:20,788 	 [DEBUG | Logger.py:61] > 
2023-04-22 22:17:20,789 	 [DEBUG | Logger.py:61] > Argument level must be <class 'int'>
2023-04-22 22:17:20,789 	 [DEBUG | Logger.py:61] > 
2023-04-22 22:18:33,962 	 [INFO | Logger.py:61] > I Logger am a singleton
2023-04-22 22:18:33,962 	 [DEBUG | Logger.py:61] > I Logger bug alert
2023-04-22 22:18:33,962 	 [ERROR | Logger.py:61] > I Logger error alert
2023-04-22 22:18:33,963 	 [CRITICAL | Logger.py:61] > I Logger critical error alert
2023-04-22 22:18:33,965 	 [INFO | Logger.py:61] > I Logger am still a singleton
2023-04-22 22:18:33,965 	 [DEBUG | Logger.py:61] > I Logger bug alert
2023-04-22 22:18:33,966 	 [ERROR | Logger.py:61] > I Logger error alert
2023-04-22 22:18:33,966 	 [CRITICAL | Logger.py:61] > I Logger critical error alert
2023-04-22 22:18:33,966 	 [DEBUG | Logger.py:61] > 
2023-04-22 22:18:33,966 	 [DEBUG | Logger.py:61] > Argument level must be <class 'int'>
2023-04-22 22:18:33,968 	 [DEBUG | Logger.py:61] > 
2023-04-22 22:18:33,968 	 [DEBUG | Logger.py:61] > Argument message must be <class 'str'>
2023-04-22 22:28:51,048 	 [INFO | Logger.py:61] > I Logger am a singleton
2023-04-22 22:28:51,048 	 [DEBUG | Logger.py:61] > I Logger bug alert
2023-04-22 22:28:51,049 	 [ERROR | Logger.py:61] > I Logger error alert
2023-04-22 22:28:51,049 	 [CRITICAL | Logger.py:61] > I Logger critical error alert
2023-04-22 22:28:51,049 	 [INFO | Logger.py:61] > I Logger am still a singleton
2023-04-22 22:28:51,050 	 [DEBUG | Logger.py:61] > I Logger bug alert
2023-04-22 22:28:51,050 	 [ERROR | Logger.py:61] > I Logger error alert
2023-04-22 22:28:51,050 	 [CRITICAL | Logger.py:61] > I Logger critical error alert
2023-04-22 22:28:51,050 	 [DEBUG | Logger.py:61] > 
2023-04-22 22:28:51,051 	 [DEBUG | Logger.py:61] > Argument level must be <class 'int'>
2023-04-22 22:28:51,051 	 [DEBUG | Logger.py:61] > 
2023-04-22 22:28:51,051 	 [DEBUG | Logger.py:61] > Argument message must be <class 'str'>
2023-04-22 22:28:54,619 	 [DEBUG | Logger.py:61] > I Logger bug alert
2023-04-22 22:28:54,619 	 [DEBUG | Logger.py:61] > Argument message must be <class 'str'>
